*ERROR* 	2019/08/01 - 13:37:55: FUNCTION sdream_webshop.COUNiT does not exist<br /><br /><pre>
		SELECT COUNiT(`id_order`) AS used
		FROM `ps_orders`
		WHERE `id_address_delivery` = 726
		OR `id_address_invoice` = 726 LIMIT 1</pre> at line 791 in file classes/db/Db.php
*ERROR* 	2019/08/01 - 13:38:40: FUNCTION sdream_webshop.COUNiT does not exist<br /><br /><pre>
		SELECT COUNiT(`id_order`) AS used
		FROM `ps_orders`
		WHERE `id_address_delivery` = 726
		OR `id_address_invoice` = 726 LIMIT 1</pre> at line 791 in file classes/db/Db.php
*ERROR* 	2019/08/01 - 13:39:41: FUNCTION sdream_webshop.COUNiT does not exist<br /><br /><pre>
		SELECT COUNiT(`id_order`) AS used
		FROM `ps_orders`
		WHERE `id_address_delivery` = 726
		OR `id_address_invoice` = 726 LIMIT 1</pre> at line 791 in file classes/db/Db.php
*ERROR* 	2019/08/01 - 13:39:47: FUNCTION sdream_webshop.COUNiT does not exist<br /><br /><pre>
		SELECT COUNiT(`id_order`) AS used
		FROM `ps_orders`
		WHERE `id_address_delivery` = 726
		OR `id_address_invoice` = 726 LIMIT 1</pre> at line 791 in file classes/db/Db.php
